  load.c
  源.cpp
D:\something useful\code\c code\game3.0\源.cpp(178,20): warning C4244: “=”: 从“int”转换到“float”，可能丢失数据
D:\something useful\code\c code\game3.0\源.cpp(280,26): warning C4244: “参数”: 从“float”转换到“int”，可能丢失数据
D:\something useful\code\c code\game3.0\源.cpp(280,18): warning C4244: “参数”: 从“float”转换到“int”，可能丢失数据
D:\something useful\code\c code\game3.0\源.cpp(283,26): warning C4244: “参数”: 从“float”转换到“int”，可能丢失数据
D:\something useful\code\c code\game3.0\源.cpp(283,18): warning C4244: “参数”: 从“float”转换到“int”，可能丢失数据
D:\something useful\code\c code\game3.0\源.cpp(286,26): warning C4244: “参数”: 从“float”转换到“int”，可能丢失数据
D:\something useful\code\c code\game3.0\源.cpp(286,18): warning C4244: “参数”: 从“float”转换到“int”，可能丢失数据
D:\something useful\code\c code\game3.0\源.cpp(289,26): warning C4244: “参数”: 从“float”转换到“int”，可能丢失数据
D:\something useful\code\c code\game3.0\源.cpp(289,18): warning C4244: “参数”: 从“float”转换到“int”，可能丢失数据
D:\something useful\code\c code\game3.0\源.cpp(292,26): warning C4244: “参数”: 从“float”转换到“int”，可能丢失数据
D:\something useful\code\c code\game3.0\源.cpp(292,18): warning C4244: “参数”: 从“float”转换到“int”，可能丢失数据
D:\something useful\code\c code\game3.0\源.cpp(295,26): warning C4244: “参数”: 从“float”转换到“int”，可能丢失数据
D:\something useful\code\c code\game3.0\源.cpp(295,18): warning C4244: “参数”: 从“float”转换到“int”，可能丢失数据
D:\something useful\code\c code\game3.0\源.cpp(298,26): warning C4244: “参数”: 从“float”转换到“int”，可能丢失数据
D:\something useful\code\c code\game3.0\源.cpp(298,18): warning C4244: “参数”: 从“float”转换到“int”，可能丢失数据
D:\something useful\code\c code\game3.0\源.cpp(301,26): warning C4244: “参数”: 从“float”转换到“int”，可能丢失数据
D:\something useful\code\c code\game3.0\源.cpp(301,18): warning C4244: “参数”: 从“float”转换到“int”，可能丢失数据
D:\something useful\code\c code\game3.0\源.cpp(304,26): warning C4244: “参数”: 从“float”转换到“int”，可能丢失数据
D:\something useful\code\c code\game3.0\源.cpp(304,18): warning C4244: “参数”: 从“float”转换到“int”，可能丢失数据
D:\something useful\code\c code\game3.0\源.cpp(307,26): warning C4244: “参数”: 从“float”转换到“int”，可能丢失数据
D:\something useful\code\c code\game3.0\源.cpp(307,18): warning C4244: “参数”: 从“float”转换到“int”，可能丢失数据
D:\something useful\code\c code\game3.0\源.cpp(321,26): warning C4244: “参数”: 从“float”转换到“int”，可能丢失数据
D:\something useful\code\c code\game3.0\源.cpp(321,18): warning C4244: “参数”: 从“float”转换到“int”，可能丢失数据
D:\something useful\code\c code\game3.0\源.cpp(324,26): warning C4244: “参数”: 从“float”转换到“int”，可能丢失数据
D:\something useful\code\c code\game3.0\源.cpp(324,18): warning C4244: “参数”: 从“float”转换到“int”，可能丢失数据
D:\something useful\code\c code\game3.0\源.cpp(327,26): warning C4244: “参数”: 从“float”转换到“int”，可能丢失数据
D:\something useful\code\c code\game3.0\源.cpp(327,18): warning C4244: “参数”: 从“float”转换到“int”，可能丢失数据
D:\something useful\code\c code\game3.0\源.cpp(330,26): warning C4244: “参数”: 从“float”转换到“int”，可能丢失数据
D:\something useful\code\c code\game3.0\源.cpp(330,18): warning C4244: “参数”: 从“float”转换到“int”，可能丢失数据
D:\something useful\code\c code\game3.0\源.cpp(333,26): warning C4244: “参数”: 从“float”转换到“int”，可能丢失数据
D:\something useful\code\c code\game3.0\源.cpp(333,18): warning C4244: “参数”: 从“float”转换到“int”，可能丢失数据
D:\something useful\code\c code\game3.0\源.cpp(336,26): warning C4244: “参数”: 从“float”转换到“int”，可能丢失数据
D:\something useful\code\c code\game3.0\源.cpp(336,18): warning C4244: “参数”: 从“float”转换到“int”，可能丢失数据
D:\something useful\code\c code\game3.0\源.cpp(339,26): warning C4244: “参数”: 从“float”转换到“int”，可能丢失数据
D:\something useful\code\c code\game3.0\源.cpp(339,18): warning C4244: “参数”: 从“float”转换到“int”，可能丢失数据
D:\something useful\code\c code\game3.0\源.cpp(342,26): warning C4244: “参数”: 从“float”转换到“int”，可能丢失数据
D:\something useful\code\c code\game3.0\源.cpp(342,18): warning C4244: “参数”: 从“float”转换到“int”，可能丢失数据
D:\something useful\code\c code\game3.0\源.cpp(345,26): warning C4244: “参数”: 从“float”转换到“int”，可能丢失数据
D:\something useful\code\c code\game3.0\源.cpp(345,18): warning C4244: “参数”: 从“float”转换到“int”，可能丢失数据
D:\something useful\code\c code\game3.0\源.cpp(348,26): warning C4244: “参数”: 从“float”转换到“int”，可能丢失数据
D:\something useful\code\c code\game3.0\源.cpp(348,18): warning C4244: “参数”: 从“float”转换到“int”，可能丢失数据
D:\something useful\code\c code\game3.0\源.cpp(359,26): warning C4244: “参数”: 从“float”转换到“int”，可能丢失数据
D:\something useful\code\c code\game3.0\源.cpp(359,18): warning C4244: “参数”: 从“float”转换到“int”，可能丢失数据
D:\something useful\code\c code\game3.0\源.cpp(362,26): warning C4244: “参数”: 从“float”转换到“int”，可能丢失数据
D:\something useful\code\c code\game3.0\源.cpp(362,18): warning C4244: “参数”: 从“float”转换到“int”，可能丢失数据
D:\something useful\code\c code\game3.0\源.cpp(365,26): warning C4244: “参数”: 从“float”转换到“int”，可能丢失数据
D:\something useful\code\c code\game3.0\源.cpp(365,18): warning C4244: “参数”: 从“float”转换到“int”，可能丢失数据
D:\something useful\code\c code\game3.0\源.cpp(369,26): warning C4244: “参数”: 从“float”转换到“int”，可能丢失数据
D:\something useful\code\c code\game3.0\源.cpp(369,18): warning C4244: “参数”: 从“float”转换到“int”，可能丢失数据
D:\something useful\code\c code\game3.0\源.cpp(379,26): warning C4244: “参数”: 从“float”转换到“int”，可能丢失数据
D:\something useful\code\c code\game3.0\源.cpp(379,18): warning C4244: “参数”: 从“float”转换到“int”，可能丢失数据
D:\something useful\code\c code\game3.0\源.cpp(382,26): warning C4244: “参数”: 从“float”转换到“int”，可能丢失数据
D:\something useful\code\c code\game3.0\源.cpp(382,18): warning C4244: “参数”: 从“float”转换到“int”，可能丢失数据
D:\something useful\code\c code\game3.0\源.cpp(385,26): warning C4244: “参数”: 从“float”转换到“int”，可能丢失数据
D:\something useful\code\c code\game3.0\源.cpp(385,18): warning C4244: “参数”: 从“float”转换到“int”，可能丢失数据
D:\something useful\code\c code\game3.0\源.cpp(396,26): warning C4244: “参数”: 从“float”转换到“int”，可能丢失数据
D:\something useful\code\c code\game3.0\源.cpp(396,18): warning C4244: “参数”: 从“float”转换到“int”，可能丢失数据
D:\something useful\code\c code\game3.0\源.cpp(399,26): warning C4244: “参数”: 从“float”转换到“int”，可能丢失数据
D:\something useful\code\c code\game3.0\源.cpp(399,18): warning C4244: “参数”: 从“float”转换到“int”，可能丢失数据
D:\something useful\code\c code\game3.0\源.cpp(402,26): warning C4244: “参数”: 从“float”转换到“int”，可能丢失数据
D:\something useful\code\c code\game3.0\源.cpp(402,18): warning C4244: “参数”: 从“float”转换到“int”，可能丢失数据
D:\something useful\code\c code\game3.0\源.cpp(405,26): warning C4244: “参数”: 从“float”转换到“int”，可能丢失数据
D:\something useful\code\c code\game3.0\源.cpp(405,18): warning C4244: “参数”: 从“float”转换到“int”，可能丢失数据
D:\something useful\code\c code\game3.0\源.cpp(408,26): warning C4244: “参数”: 从“float”转换到“int”，可能丢失数据
D:\something useful\code\c code\game3.0\源.cpp(408,18): warning C4244: “参数”: 从“float”转换到“int”，可能丢失数据
D:\something useful\code\c code\game3.0\源.cpp(411,26): warning C4244: “参数”: 从“float”转换到“int”，可能丢失数据
D:\something useful\code\c code\game3.0\源.cpp(411,18): warning C4244: “参数”: 从“float”转换到“int”，可能丢失数据
D:\something useful\code\c code\game3.0\源.cpp(414,26): warning C4244: “参数”: 从“float”转换到“int”，可能丢失数据
D:\something useful\code\c code\game3.0\源.cpp(414,18): warning C4244: “参数”: 从“float”转换到“int”，可能丢失数据
D:\something useful\code\c code\game3.0\源.cpp(417,26): warning C4244: “参数”: 从“float”转换到“int”，可能丢失数据
D:\something useful\code\c code\game3.0\源.cpp(417,18): warning C4244: “参数”: 从“float”转换到“int”，可能丢失数据
D:\something useful\code\c code\game3.0\源.cpp(420,26): warning C4244: “参数”: 从“float”转换到“int”，可能丢失数据
D:\something useful\code\c code\game3.0\源.cpp(420,18): warning C4244: “参数”: 从“float”转换到“int”，可能丢失数据
D:\something useful\code\c code\game3.0\源.cpp(423,26): warning C4244: “参数”: 从“float”转换到“int”，可能丢失数据
D:\something useful\code\c code\game3.0\源.cpp(423,18): warning C4244: “参数”: 从“float”转换到“int”，可能丢失数据
D:\something useful\code\c code\game3.0\源.cpp(434,25): warning C4244: “参数”: 从“float”转换到“int”，可能丢失数据
D:\something useful\code\c code\game3.0\源.cpp(434,17): warning C4244: “参数”: 从“float”转换到“int”，可能丢失数据
D:\something useful\code\c code\game3.0\源.cpp(437,25): warning C4244: “参数”: 从“float”转换到“int”，可能丢失数据
D:\something useful\code\c code\game3.0\源.cpp(437,17): warning C4244: “参数”: 从“float”转换到“int”，可能丢失数据
D:\something useful\code\c code\game3.0\源.cpp(440,25): warning C4244: “参数”: 从“float”转换到“int”，可能丢失数据
D:\something useful\code\c code\game3.0\源.cpp(440,17): warning C4244: “参数”: 从“float”转换到“int”，可能丢失数据
D:\something useful\code\c code\game3.0\源.cpp(444,25): warning C4244: “参数”: 从“float”转换到“int”，可能丢失数据
D:\something useful\code\c code\game3.0\源.cpp(444,17): warning C4244: “参数”: 从“float”转换到“int”，可能丢失数据
D:\something useful\code\c code\game3.0\源.cpp(454,26): warning C4244: “参数”: 从“float”转换到“int”，可能丢失数据
D:\something useful\code\c code\game3.0\源.cpp(454,18): warning C4244: “参数”: 从“float”转换到“int”，可能丢失数据
D:\something useful\code\c code\game3.0\源.cpp(457,26): warning C4244: “参数”: 从“float”转换到“int”，可能丢失数据
D:\something useful\code\c code\game3.0\源.cpp(457,18): warning C4244: “参数”: 从“float”转换到“int”，可能丢失数据
D:\something useful\code\c code\game3.0\源.cpp(460,26): warning C4244: “参数”: 从“float”转换到“int”，可能丢失数据
D:\something useful\code\c code\game3.0\源.cpp(460,18): warning C4244: “参数”: 从“float”转换到“int”，可能丢失数据
D:\something useful\code\c code\game3.0\源.cpp(471,26): warning C4244: “参数”: 从“float”转换到“int”，可能丢失数据
D:\something useful\code\c code\game3.0\源.cpp(471,18): warning C4244: “参数”: 从“float”转换到“int”，可能丢失数据
D:\something useful\code\c code\game3.0\源.cpp(474,26): warning C4244: “参数”: 从“float”转换到“int”，可能丢失数据
D:\something useful\code\c code\game3.0\源.cpp(474,18): warning C4244: “参数”: 从“float”转换到“int”，可能丢失数据
D:\something useful\code\c code\game3.0\源.cpp(477,26): warning C4244: “参数”: 从“float”转换到“int”，可能丢失数据
D:\something useful\code\c code\game3.0\源.cpp(477,18): warning C4244: “参数”: 从“float”转换到“int”，可能丢失数据
D:\something useful\code\c code\game3.0\源.cpp(485,19): warning C4305: “初始化”: 从“double”到“float”截断
D:\something useful\code\c code\game3.0\源.cpp(504,12): warning C4244: “+=”: 从“float”转换到“int”，可能丢失数据
D:\something useful\code\c code\game3.0\源.cpp(527,36): warning C4244: “参数”: 从“float”转换到“int”，可能丢失数据
D:\something useful\code\c code\game3.0\源.cpp(527,23): warning C4244: “参数”: 从“float”转换到“int”，可能丢失数据
D:\something useful\code\c code\game3.0\源.cpp(542,32): warning C4244: “参数”: 从“float”转换到“int”，可能丢失数据
D:\something useful\code\c code\game3.0\源.cpp(542,20): warning C4244: “参数”: 从“float”转换到“int”，可能丢失数据
D:\something useful\code\c code\game3.0\源.cpp(554,19): warning C4305: “初始化”: 从“double”到“float”截断
D:\something useful\code\c code\game3.0\源.cpp(576,12): warning C4244: “+=”: 从“float”转换到“int”，可能丢失数据
D:\something useful\code\c code\game3.0\源.cpp(586,26): warning C4244: “参数”: 从“float”转换到“int”，可能丢失数据
D:\something useful\code\c code\game3.0\源.cpp(586,18): warning C4244: “参数”: 从“float”转换到“int”，可能丢失数据
D:\something useful\code\c code\game3.0\源.cpp(596,12): warning C4244: “-=”: 从“float”转换到“int”，可能丢失数据
D:\something useful\code\c code\game3.0\源.cpp(606,12): warning C4244: “+=”: 从“float”转换到“int”，可能丢失数据
D:\something useful\code\c code\game3.0\源.cpp(614,26): warning C4244: “参数”: 从“float”转换到“int”，可能丢失数据
D:\something useful\code\c code\game3.0\源.cpp(614,18): warning C4244: “参数”: 从“float”转换到“int”，可能丢失数据
D:\something useful\code\c code\game3.0\源.cpp(631,12): warning C4244: “+=”: 从“float”转换到“int”，可能丢失数据
D:\something useful\code\c code\game3.0\源.cpp(643,12): warning C4244: “-=”: 从“float”转换到“int”，可能丢失数据
D:\something useful\code\c code\game3.0\源.cpp(658,12): warning C4244: “+=”: 从“float”转换到“int”，可能丢失数据
D:\something useful\code\c code\game3.0\源.cpp(671,12): warning C4244: “-=”: 从“float”转换到“int”，可能丢失数据
D:\something useful\code\c code\game3.0\源.cpp(677,26): warning C4244: “参数”: 从“float”转换到“int”，可能丢失数据
D:\something useful\code\c code\game3.0\源.cpp(677,18): warning C4244: “参数”: 从“float”转换到“int”，可能丢失数据
  game3.0.vcxproj -> D:\something useful\code\c code\game3.0\x64\Debug\game3.0.exe
